This is pdfeTeX, Version 3.141592-1.30.6-2.2 (MiKTeX 2.5) (preloaded format=pdflatex 2008.12.8)  31 AUG 2009 18:36
entering extended mode
**C:/data/escritos/ifedyn01.tex
(C:\data\escritos\ifedyn01.tex
LaTeX2e <2005/12/01>
Babel <v3.8g> and hyphenation patterns for english, dumylang, nohyphenation, ge
rman, ngerman, spanish, french, loaded.
("C:\Archivos de programa\MiKTeX 2.5\tex\latex\base\article.cls"
Document Class: article 2005/09/16 v1.4f Standard LaTeX document class
("C:\Archivos de programa\MiKTeX 2.5\tex\latex\base\size12.clo"
File: size12.clo 2005/09/16 v1.4f Standard LaTeX file (size option)
)
\c@part=\count79
\c@section=\count80
\c@subsection=\count81
\c@subsubsection=\count82
\c@paragraph=\count83
\c@subparagraph=\count84
\c@figure=\count85
\c@table=\count86
\abovecaptionskip=\skip41
\belowcaptionskip=\skip42
\bibindent=\dimen102
)
("C:\Archivos de programa\MiKTeX 2.5\tex\latex\geometry\geometry.sty"
Package: geometry 2002/07/08 v3.2 Page Geometry

("C:\Archivos de programa\MiKTeX 2.5\tex\latex\graphics\keyval.sty"
Package: keyval 1999/03/16 v1.13 key=value parser (DPC)
\KV@toks@=\toks14
)
\Gm@cnth=\count87
\Gm@cntv=\count88
\c@Gm@tempcnt=\count89
\Gm@bindingoffset=\dimen103
\Gm@wd@mp=\dimen104
\Gm@odd@mp=\dimen105
\Gm@even@mp=\dimen106
\Gm@dimlist=\toks15

("C:\Archivos de programa\MiKTeX 2.5\tex\latex\geometry\geometry.cfg"))
("C:\Archivos de programa\MiKTeX 2.5\tex\latex\natbib\natbib.sty"
Package: natbib 2007/02/05 8.0 (PWD)
\bibhang=\skip43
\bibsep=\skip44
LaTeX Info: Redefining \cite on input line 602.
\c@NAT@ctr=\count90
)
("C:\Archivos de programa\MiKTeX 2.5\tex\latex\ae\ae.sty"
Package: ae 2001/02/12 1.3 Almost European Computer Modern

("C:\Archivos de programa\MiKTeX 2.5\tex\latex\base\fontenc.sty"
Package: fontenc 2005/09/27 v1.99g Standard LaTeX package

("C:\Archivos de programa\MiKTeX 2.5\tex\latex\base\t1enc.def"
File: t1enc.def 2005/09/27 v1.99g Standard LaTeX file
LaTeX Font Info:    Redeclaring font encoding T1 on input line 43.
)
LaTeX Font Info:    Try loading font information for T1+aer on input line 100.

("C:\Archivos de programa\MiKTeX 2.5\tex\latex\ae\t1aer.fd"
File: t1aer.fd 1997/11/16 Font definitions for T1/aer.
)))
("C:\Archivos de programa\MiKTeX 2.5\tex\latex\base\fontenc.sty"
Package: fontenc 2005/09/27 v1.99g Standard LaTeX package

("C:\Archivos de programa\MiKTeX 2.5\tex\latex\base\t1enc.def"
File: t1enc.def 2005/09/27 v1.99g Standard LaTeX file
LaTeX Font Info:    Redeclaring font encoding T1 on input line 43.
))
("C:\Archivos de programa\MiKTeX 2.5\tex\latex\base\inputenc.sty"
Package: inputenc 2006/05/05 v1.1b Input encoding file
\inpenc@prehook=\toks16
\inpenc@posthook=\toks17

("C:\Archivos de programa\MiKTeX 2.5\tex\latex\base\ansinew.def"
File: ansinew.def 2006/05/05 v1.1b Input encoding file
))
("C:\Archivos de programa\MiKTeX 2.5\tex\latex\amsmath\amsmath.sty"
Package: amsmath 2000/07/18 v2.13 AMS math features
\@mathmargin=\skip45

For additional information on amsmath, use the `?' option.
("C:\Archivos de programa\MiKTeX 2.5\tex\latex\amsmath\amstext.sty"
Package: amstext 2000/06/29 v2.01

("C:\Archivos de programa\MiKTeX 2.5\tex\latex\amsmath\amsgen.sty"
File: amsgen.sty 1999/11/30 v2.0
\@emptytoks=\toks18
\ex@=\dimen107
))
("C:\Archivos de programa\MiKTeX 2.5\tex\latex\amsmath\amsbsy.sty"
Package: amsbsy 1999/11/29 v1.2d
\pmbraise@=\dimen108
)
("C:\Archivos de programa\MiKTeX 2.5\tex\latex\amsmath\amsopn.sty"
Package: amsopn 1999/12/14 v2.01 operator names
)
\inf@bad=\count91
LaTeX Info: Redefining \frac on input line 211.
\uproot@=\count92
\leftroot@=\count93
LaTeX Info: Redefining \overline on input line 307.
\classnum@=\count94
\DOTSCASE@=\count95
LaTeX Info: Redefining \ldots on input line 379.
LaTeX Info: Redefining \dots on input line 382.
LaTeX Info: Redefining \cdots on input line 467.
\Mathstrutbox@=\box26
\strutbox@=\box27
\big@size=\dimen109
LaTeX Font Info:    Redeclaring font encoding OML on input line 567.
LaTeX Font Info:    Redeclaring font encoding OMS on input line 568.
\macc@depth=\count96
\c@MaxMatrixCols=\count97
\dotsspace@=\muskip10
\c@parentequation=\count98
\dspbrk@lvl=\count99
\tag@help=\toks19
\row@=\count100
\column@=\count101
\maxfields@=\count102
\andhelp@=\toks20
\eqnshift@=\dimen110
\alignsep@=\dimen111
\tagshift@=\dimen112
\tagwidth@=\dimen113
\totwidth@=\dimen114
\lineht@=\dimen115
\@envbody=\toks21
\multlinegap=\skip46
\multlinetaggap=\skip47
\mathdisplay@stack=\toks22
LaTeX Info: Redefining \[ on input line 2666.
LaTeX Info: Redefining \] on input line 2667.
)
("C:\Archivos de programa\MiKTeX 2.5\tex\latex\amsfonts\amssymb.sty"
Package: amssymb 2002/01/22 v2.2d

("C:\Archivos de programa\MiKTeX 2.5\tex\latex\amsfonts\amsfonts.sty"
Package: amsfonts 2001/10/25 v2.2f
\symAMSa=\mathgroup4
\symAMSb=\mathgroup5
LaTeX Font Info:    Overwriting math alphabet `\mathfrak' in version `bold'
(Font)                  U/euf/m/n --> U/euf/b/n on input line 132.
))
("C:\Archivos de programa\MiKTeX 2.5\tex\latex\ltxmisc\url.sty"
\Urlmuskip=\muskip11
Package: url 2005/06/27  ver 3.2  Verb mode for urls, etc.
)
("C:\Archivos de programa\MiKTeX 2.5\tex\latex\graphics\lscape.sty"
Package: lscape 2000/10/22 v3.01 Landscape Pages (DPC)

("C:\Archivos de programa\MiKTeX 2.5\tex\latex\graphics\graphics.sty"
Package: graphics 2006/02/20 v1.0o Standard LaTeX Graphics (DPC,SPQR)

("C:\Archivos de programa\MiKTeX 2.5\tex\latex\graphics\trig.sty"
Package: trig 1999/03/16 v1.09 sin cos tan (DPC)
)
("C:\Archivos de programa\MiKTeX 2.5\tex\latex\00miktex\graphics.cfg"
File: graphics.cfg 2005/12/29 v1.2 MiKTeX 'graphics' configuration
)
Package graphics Info: Driver file: pdftex.def on input line 90.

("C:\Archivos de programa\MiKTeX 2.5\tex\latex\graphics\pdftex.def"
File: pdftex.def 2007/04/17 v0.04g Graphics/color for pdfTeX
\Gread@gobject=\count103
)))
("C:\Archivos de programa\MiKTeX 2.5\tex\latex\setspace\setspace.sty"
Package: setspace 2000/12/01 6.7 Contributed and Supported LaTeX2e package

Package: `setspace' 6.7 <2000/12/01>
) ("C:\Archivos de programa\MiKTeX 2.5\tex\latex\graphics\graphicx.sty"
Package: graphicx 1999/02/16 v1.0f Enhanced LaTeX Graphics (DPC,SPQR)
\Gin@req@height=\dimen116
\Gin@req@width=\dimen117
)
("C:\Archivos de programa\MiKTeX 2.5\tex\latex\graphics\color.sty"
Package: color 2005/11/14 v1.0j Standard LaTeX Color (DPC)

("C:\Archivos de programa\MiKTeX 2.5\tex\latex\00miktex\color.cfg"
File: color.cfg 2005/12/29 v1.1 MiKTeX 'color' configuration
)
Package color Info: Driver file: pdftex.def on input line 130.
)
("C:\Archivos de programa\MiKTeX 2.5\tex\latex\pgf\latex\pgf\frontendlayer\tikz
.sty"
("C:\Archivos de programa\MiKTeX 2.5\tex\latex\pgf\latex\pgf\basiclayer\pgf.sty
"
("C:\Archivos de programa\MiKTeX 2.5\tex\latex\pgf\latex\pgf\utilities\pgfrcs.s
ty"
("C:\Archivos de programa\MiKTeX 2.5\tex\latex\pgf\generic\pgf\utilities\pgfuti
l-common.tex")
("C:\Archivos de programa\MiKTeX 2.5\tex\latex\pgf\generic\pgf\utilities\pgfuti
l-latex.def")
("C:\Archivos de programa\MiKTeX 2.5\tex\latex\pgf\generic\pgf\utilities\pgfrcs
.code.tex"
Package: pgfrcs 2007/06/08 v1.18 (rcs-revision 1.16)
))
Package: pgf 2007/01/01 v1.18 (rcs-revision 1.8)

("C:\Archivos de programa\MiKTeX 2.5\tex\latex\pgf\latex\pgf\basiclayer\pgfcore
.sty"
("C:\Archivos de programa\MiKTeX 2.5\tex\latex\pgf\latex\pgf\systemlayer\pgfsys
.sty"
("C:\Archivos de programa\MiKTeX 2.5\tex\latex\pgf\generic\pgf\systemlayer\pgfs
ys.code.tex"
Package: pgfsys 2007/06/07 v1.18 (rcs-revision 1.24)
\pgf@x=\dimen118
\pgf@y=\dimen119
\pgf@xa=\dimen120
\pgf@ya=\dimen121
\pgf@xb=\dimen122
\pgf@yb=\dimen123
\pgf@xc=\dimen124
\pgf@yc=\dimen125
\c@pgf@counta=\count104
\c@pgf@countb=\count105
\c@pgf@countc=\count106
\c@pgf@countd=\count107

("C:\Archivos de programa\MiKTeX 2.5\tex\latex\pgf\generic\pgf\systemlayer\pgf.
cfg"
File: pgf.cfg 2007/03/20  (rcs-revision 1.4)
)
Package pgfsys Info: Driver file for pgf: pgfsys-pdftex.def on input line 846.

("C:\Archivos de programa\MiKTeX 2.5\tex\latex\pgf\generic\pgf\systemlayer\pgfs
ys-pdftex.def"
File: pgfsys-pdftex.def 2007/06/07  (rcs-revision 1.15)

("C:\Archivos de programa\MiKTeX 2.5\tex\latex\pgf\generic\pgf\systemlayer\pgfs
ys-common-pdf.def"
File: pgfsys-common-pdf.def 2006/10/16  (rcs-revision 1.7)
)))
("C:\Archivos de programa\MiKTeX 2.5\tex\latex\pgf\generic\pgf\systemlayer\pgfs
yssoftpath.code.tex"
File: pgfsyssoftpath.code.tex 2007/02/19  (rcs-revision 1.5)
)
("C:\Archivos de programa\MiKTeX 2.5\tex\latex\pgf\generic\pgf\systemlayer\pgfs
ysprotocol.code.tex"
File: pgfsysprotocol.code.tex 2006/10/16  (rcs-revision 1.4)
))
("C:\Archivos de programa\MiKTeX 2.5\tex\latex\xcolor\xcolor.sty"
Package: xcolor 2007/01/21 v2.11 LaTeX color extensions (UK)

("C:\Archivos de programa\MiKTeX 2.5\tex\latex\00miktex\color.cfg"
File: color.cfg 2005/12/29 v1.1 MiKTeX 'color' configuration
)
Package xcolor Info: Driver file: pdftex.def on input line 225.
LaTeX Info: Redefining \color on input line 702.
Package xcolor Info: Model `cmy' substituted by `cmy0' on input line 1337.
Package xcolor Info: Model `hsb' substituted by `rgb' on input line 1341.
Package xcolor Info: Model `RGB' extended on input line 1353.
Package xcolor Info: Model `HTML' substituted by `rgb' on input line 1355.
Package xcolor Info: Model `Hsb' substituted by `hsb' on input line 1356.
Package xcolor Info: Model `tHsb' substituted by `hsb' on input line 1357.
Package xcolor Info: Model `HSB' substituted by `hsb' on input line 1358.
Package xcolor Info: Model `Gray' substituted by `gray' on input line 1359.
Package xcolor Info: Model `wave' substituted by `hsb' on input line 1360.
)
("C:\Archivos de programa\MiKTeX 2.5\tex\latex\pgf\generic\pgf\basiclayer\pgfco
re.code.tex"
Package: pgfcore 2007/03/09 v1.18 (rcs-revision 1.5)

("C:\Archivos de programa\MiKTeX 2.5\tex\latex\pgf\generic\pgf\math\pgfmath.cod
e.tex"
("C:\Archivos de programa\MiKTeX 2.5\tex\latex\pgf\generic\pgf\math\pgfmathcalc
.code.tex"
("C:\Archivos de programa\MiKTeX 2.5\tex\latex\pgf\generic\pgf\math\pgfmathutil
.code.tex")
("C:\Archivos de programa\MiKTeX 2.5\tex\latex\pgf\generic\pgf\math\pgfmathpars
er.code.tex"
\pgfmath@stack=\toks23
\c@pgfmath@parsecounta=\count108
\c@pgfmath@parsecountb=\count109
\c@pgfmath@parsecountc=\count110
\pgfmath@parsex=\dimen126
)
("C:\Archivos de programa\MiKTeX 2.5\tex\latex\pgf\generic\pgf\math\pgfmathoper
ations.code.tex"
("C:\Archivos de programa\MiKTeX 2.5\tex\latex\pgf\generic\pgf\math\pgfmathtrig
.code.tex")
("C:\Archivos de programa\MiKTeX 2.5\tex\latex\pgf\generic\pgf\math\pgfmathrnd.
code.tex"))
("C:\Archivos de programa\MiKTeX 2.5\tex\latex\pgf\generic\pgf\math\pgfmathbase
.code.tex")))
("C:\Archivos de programa\MiKTeX 2.5\tex\latex\pgf\generic\pgf\basiclayer\pgfco
repoints.code.tex"
File: pgfcorepoints.code.tex 2007/04/19  (rcs-revision 1.9)
\pgf@picminx=\dimen127
\pgf@picmaxx=\dimen128
\pgf@picminy=\dimen129
\pgf@picmaxy=\dimen130
\pgf@pathminx=\dimen131
\pgf@pathmaxx=\dimen132
\pgf@pathminy=\dimen133
\pgf@pathmaxy=\dimen134
\pgf@xx=\dimen135
\pgf@xy=\dimen136
\pgf@yx=\dimen137
\pgf@yy=\dimen138
\pgf@zx=\dimen139
\pgf@zy=\dimen140
)
("C:\Archivos de programa\MiKTeX 2.5\tex\latex\pgf\generic\pgf\basiclayer\pgfco
repathconstruct.code.tex"
File: pgfcorepathconstruct.code.tex 2007/06/07  (rcs-revision 1.9)
\pgf@path@lastx=\dimen141
\pgf@path@lasty=\dimen142
)
("C:\Archivos de programa\MiKTeX 2.5\tex\latex\pgf\generic\pgf\basiclayer\pgfco
repathusage.code.tex"
File: pgfcorepathusage.code.tex 2007/03/09  (rcs-revision 1.8)
\pgf@shorten@end@additional=\dimen143
\pgf@shorten@start@additional=\dimen144
)
("C:\Archivos de programa\MiKTeX 2.5\tex\latex\pgf\generic\pgf\basiclayer\pgfco
rescopes.code.tex"
File: pgfcorescopes.code.tex 2007/06/07  (rcs-revision 1.24)
\pgfpic=\box28
\pgf@hbox=\box29
\pgf@layerbox@main=\box30
\pgf@picture@serial@count=\count111
)
("C:\Archivos de programa\MiKTeX 2.5\tex\latex\pgf\generic\pgf\basiclayer\pgfco
regraphicstate.code.tex"
File: pgfcoregraphicstate.code.tex 2007/03/09  (rcs-revision 1.7)
\pgflinewidth=\dimen145
)
("C:\Archivos de programa\MiKTeX 2.5\tex\latex\pgf\generic\pgf\basiclayer\pgfco
retransformations.code.tex"
File: pgfcoretransformations.code.tex 2007/06/07  (rcs-revision 1.6)
\pgf@pt@x=\dimen146
\pgf@pt@y=\dimen147
\pgf@pt@temp=\dimen148
)
("C:\Archivos de programa\MiKTeX 2.5\tex\latex\pgf\generic\pgf\basiclayer\pgfco
requick.code.tex"
File: pgfcorequick.code.tex 2006/10/11  (rcs-revision 1.2)
)
("C:\Archivos de programa\MiKTeX 2.5\tex\latex\pgf\generic\pgf\basiclayer\pgfco
reobjects.code.tex"
File: pgfcoreobjects.code.tex 2006/10/11  (rcs-revision 1.2)
)
("C:\Archivos de programa\MiKTeX 2.5\tex\latex\pgf\generic\pgf\basiclayer\pgfco
repathprocessing.code.tex"
File: pgfcorepathprocessing.code.tex 2007/03/09  (rcs-revision 1.6)
)
("C:\Archivos de programa\MiKTeX 2.5\tex\latex\pgf\generic\pgf\basiclayer\pgfco
rearrows.code.tex"
File: pgfcorearrows.code.tex 2007/06/07  (rcs-revision 1.8)
)
("C:\Archivos de programa\MiKTeX 2.5\tex\latex\pgf\generic\pgf\basiclayer\pgfco
reshade.code.tex"
File: pgfcoreshade.code.tex 2007/03/09  (rcs-revision 1.8)
\pgf@max=\dimen149
\pgf@sys@shading@range@num=\count112
)))
("C:\Archivos de programa\MiKTeX 2.5\tex\latex\pgf\latex\pgf\basiclayer\pgfbase
shapes.sty"
("C:\Archivos de programa\MiKTeX 2.5\tex\latex\pgf\generic\pgf\basiclayer\pgfba
seshapes.code.tex"
Package: pgfbaseshapes 2007/06/07 v1.18 (rcs-revision 1.19)
\pgfnodeparttextbox=\box31
))
("C:\Archivos de programa\MiKTeX 2.5\tex\latex\pgf\latex\pgf\basiclayer\pgfbase
plot.sty"
("C:\Archivos de programa\MiKTeX 2.5\tex\latex\pgf\generic\pgf\basiclayer\pgfba
seplot.code.tex"
Package: pgfbaseplot 2007/05/02 v1.18 (rcs-revision 1.7)
\pgf@plotwrite=\write3
))
("C:\Archivos de programa\MiKTeX 2.5\tex\latex\pgf\latex\pgf\basiclayer\pgfbase
image.sty"
("C:\Archivos de programa\MiKTeX 2.5\tex\latex\pgf\generic\pgf\basiclayer\pgfba
seimage.code.tex"
Package: pgfbaseimage 2007/05/31 v1.18 (rcs-revision 1.7)
\pgfexternal@startupbox=\box32
))
("C:\Archivos de programa\MiKTeX 2.5\tex\latex\pgf\latex\pgf\basiclayer\pgfbase
layers.sty"
("C:\Archivos de programa\MiKTeX 2.5\tex\latex\pgf\generic\pgf\basiclayer\pgfba
selayers.code.tex"
Package: pgfbaselayers 2006/10/16 v1.18 (rcs-revision 1.5)
))
("C:\Archivos de programa\MiKTeX 2.5\tex\latex\pgf\latex\pgf\basiclayer\pgfbase
snakes.sty"
("C:\Archivos de programa\MiKTeX 2.5\tex\latex\pgf\generic\pgf\basiclayer\pgfba
sesnakes.code.tex"
Package: pgfbasesnakes 2007/03/09 v1.18 (rcs-revision 1.11)
\pgfsnakeremainingdistance=\dimen150
\pgfsnakecompleteddistance=\dimen151
))
("C:\Archivos de programa\MiKTeX 2.5\tex\latex\pgf\latex\pgf\basiclayer\pgfbase
patterns.sty"
("C:\Archivos de programa\MiKTeX 2.5\tex\latex\pgf\generic\pgf\basiclayer\pgfba
sepatterns.code.tex"
Package: pgfbasepatterns 2007/02/05 v1.18 (rcs-revision 1.10)
))
("C:\Archivos de programa\MiKTeX 2.5\tex\latex\pgf\latex\pgf\basiclayer\pgfbase
matrix.sty"
("C:\Archivos de programa\MiKTeX 2.5\tex\latex\pgf\generic\pgf\basiclayer\pgfba
sematrix.code.tex"
Package: pgfbasematrix 2007/03/09 v1.18 (rcs-revision 1.11)
\pgfmatrixcurrentrow=\count113
\pgfmatrixcurrentcolumn=\count114
\pgf@matrix@numberofcolumns=\count115
))
("C:\Archivos de programa\MiKTeX 2.5\tex\latex\pgf\latex\pgf\compatibility\pgfc
omp-version-0-65.sty"
Package: pgfcomp-version-0-65 2006/10/11 v1.18 (rcs-revision 1.4)
\pgf@nodesepstart=\dimen152
\pgf@nodesepend=\dimen153
))
("C:\Archivos de programa\MiKTeX 2.5\tex\latex\tools\calc.sty"
Package: calc 2005/08/06 v4.2 Infix arithmetic (KKT,FJ)
\calc@Acount=\count116
\calc@Bcount=\count117
\calc@Adimen=\dimen154
\calc@Bdimen=\dimen155
\calc@Askip=\skip48
\calc@Bskip=\skip49
LaTeX Info: Redefining \setlength on input line 75.
LaTeX Info: Redefining \addtolength on input line 76.
\calc@Ccount=\count118
\calc@Cskip=\skip50
)
("C:\Archivos de programa\MiKTeX 2.5\tex\latex\pgf\latex\pgf\utilities\pgffor.s
ty"
("C:\Archivos de programa\MiKTeX 2.5\tex\latex\pgf\generic\pgf\utilities\pgffor
.code.tex"
Package: pgffor 2006/10/16 v1.18 (rcs-revision 1.5)
\pgffor@iter=\dimen156
\pgffor@skip=\dimen157
)) ("C:\Archivos de programa\MiKTeX 2.5\tex\latex\xkeyval\xkeyval.sty"
Package: xkeyval 2006/11/18 v2.5f package option processing (HA)
 ("C:\Archivos de programa\MiKTeX 2.5\tex\generic\xkeyval\xkeyval.tex"
\XKV@toks=\toks24
\XKV@depth=\count119
File: xkeyval.tex 2006/11/18 v2.5f key=value parser (HA)
))
("C:\Archivos de programa\MiKTeX 2.5\tex\latex\pgf\generic\pgf\frontendlayer\ti
kz.code.tex"
Package: tikz 2007/06/07 v1.18 (rcs-revision 1.87)

("C:\Archivos de programa\MiKTeX 2.5\tex\latex\pgf\generic\pgf\libraries\pgflib
raryplothandlers.code.tex"
File: pgflibraryplothandlers.code.tex 2007/03/09 v1.18 (rcs-revision 1.9)
\pgf@plot@mark@count=\count120
\pgfplotmarksize=\dimen158
)
\tikz@lastx=\dimen159
\tikz@lasty=\dimen160
\tikz@lastxsaved=\dimen161
\tikz@lastysaved=\dimen162
\tikzleveldistance=\dimen163
\tikzsiblingdistance=\dimen164
\tikz@figbox=\box33
\tikz@tempbox=\box34
\tikztreelevel=\count121
\tikznumberofchildren=\count122
\tikznumberofcurrentchild=\count123
\tikz@fig@count=\count124
\tikz@expandcount=\count125

("C:\Archivos de programa\MiKTeX 2.5\tex\latex\pgf\generic\pgf\libraries\pgflib
rarytikztopaths.code.tex"
File: pgflibrarytikztopaths.code.tex 2007/06/07 v1.18 (rcs-revision 1.7)
)))
("C:\Archivos de programa\MiKTeX 2.5\tex\latex\pgf\generic\pgf\libraries\pgflib
rarytikzarrows.code.tex"
File: pgflibrarytikzarrows.code.tex 2006/10/11 v1.18 (rcs-revision 1.2)

("C:\Archivos de programa\MiKTeX 2.5\tex\latex\pgf\generic\pgf\libraries\pgflib
raryarrows.code.tex"
File: pgflibraryarrows.code.tex 2007/06/07 v1.18 (rcs-revision 1.7)
))
("C:\Archivos de programa\MiKTeX 2.5\tex\latex\pgf\generic\pgf\libraries\pgflib
rarytikzshapes.geometric.code.tex"
File: pgflibrarytikzshapes.geometric.code.tex 2007/06/08 v1.18 (rcs-revision 1.
1)

("C:\Archivos de programa\MiKTeX 2.5\tex\latex\pgf\generic\pgf\libraries\pgflib
raryshapes.geometric.code.tex"
File: pgflibraryshapes.geometric.code.tex 2007/06/08 v1.18 (rcs-revision 1.1)
))
("C:\Archivos de programa\MiKTeX 2.5\tex\latex\pgf\latex\pgf\math\pgfmath.sty"
("C:\Archivos de programa\MiKTeX 2.5\tex\latex\pgf\generic\pgf\math\pgfmath.cod
e.tex"
("C:\Archivos de programa\MiKTeX 2.5\tex\latex\pgf\generic\pgf\math\pgfmathcalc
.code.tex"
("C:\Archivos de programa\MiKTeX 2.5\tex\latex\pgf\generic\pgf\math\pgfmathutil
.code.tex")
("C:\Archivos de programa\MiKTeX 2.5\tex\latex\pgf\generic\pgf\math\pgfmathpars
er.code.tex"
\pgfmath@stack=\toks25
\c@pgfmath@parsecounta=\count126
\c@pgfmath@parsecountb=\count127
\c@pgfmath@parsecountc=\count128
\pgfmath@parsex=\dimen165
)
("C:\Archivos de programa\MiKTeX 2.5\tex\latex\pgf\generic\pgf\math\pgfmathoper
ations.code.tex"
("C:\Archivos de programa\MiKTeX 2.5\tex\latex\pgf\generic\pgf\math\pgfmathtrig
.code.tex")
("C:\Archivos de programa\MiKTeX 2.5\tex\latex\pgf\generic\pgf\math\pgfmathrnd.
code.tex"))
("C:\Archivos de programa\MiKTeX 2.5\tex\latex\pgf\generic\pgf\math\pgfmathbase
.code.tex"))))
("C:\Archivos de programa\MiKTeX 2.5\tex\latex\multirow\multirow.sty"
\bigstrutjot=\dimen166
)
("C:\Archivos de programa\MiKTeX 2.5\tex\latex\rotating\rotating.sty"
Package: rotating 1997/09/26 v2.13 Rotation package

("C:\Archivos de programa\MiKTeX 2.5\tex\latex\base\ifthen.sty"
Package: ifthen 2001/05/26 v1.1c Standard LaTeX ifthen package (DPC)
)
\c@r@tfl@t=\count129
\rot@float@box=\box35
)

LaTeX Warning: Unused global option(s):
    [letter].

(ifedyn01.aux)
LaTeX Font Info:    Checking defaults for OML/cmm/m/it on input line 80.
LaTeX Font Info:    ... okay on input line 80.
LaTeX Font Info:    Checking defaults for T1/cmr/m/n on input line 80.
LaTeX Font Info:    ... okay on input line 80.
LaTeX Font Info:    Checking defaults for OT1/cmr/m/n on input line 80.
LaTeX Font Info:    ... okay on input line 80.
LaTeX Font Info:    Checking defaults for OMS/cmsy/m/n on input line 80.
LaTeX Font Info:    ... okay on input line 80.
LaTeX Font Info:    Checking defaults for OMX/cmex/m/n on input line 80.
LaTeX Font Info:    ... okay on input line 80.
LaTeX Font Info:    Checking defaults for U/cmr/m/n on input line 80.
LaTeX Font Info:    ... okay on input line 80.
-------------------- Geometry parameters
paper: letterpaper
landscape: --
twocolumn: --
twoside: --
asymmetric: --
h-parts: 90.3375pt, 433.62001pt, 90.3375pt
v-parts: 90.3375pt, 614.295pt, 90.3375pt
hmarginratio: --
vmarginratio: --
lines: --
heightrounded: --
bindingoffset: 0.0pt
truedimen: --
includehead: --
includefoot: --
includemp: --
driver: pdftex
-------------------- Page layout dimensions and switches
\paperwidth  614.295pt
\paperheight 794.96999pt
\textwidth  433.62001pt
\textheight 614.295pt
\oddsidemargin  18.0675pt
\evensidemargin 18.0675pt
\topmargin  -18.9325pt
\headheight 12.0pt
\headsep    25.0pt
\footskip   30.0pt
\marginparwidth 44.0pt
\marginparsep   10.0pt
\columnsep  10.0pt
\skip\footins  10.8pt plus 4.0pt minus 2.0pt
\hoffset 0.0pt
\voffset 0.0pt
\mag 1000

(1in=72.27pt, 1cm=28.45pt)
-----------------------

("C:\Archivos de programa\MiKTeX 2.5\tex\context\base\supp-pdf.tex"
("C:\Archivos de programa\MiKTeX 2.5\tex\context\base\supp-mis.tex"
loading : Context Support Macros / Miscellaneous (2004.10.26)
\protectiondepth=\count130
\scratchcounter=\count131
\scratchtoks=\toks26
\scratchdimen=\dimen167
\scratchskip=\skip51
\scratchmuskip=\muskip12
\scratchbox=\box36
\scratchread=\read1
\scratchwrite=\write4
\zeropoint=\dimen168
\onepoint=\dimen169
\onebasepoint=\dimen170
\minusone=\count132
\thousandpoint=\dimen171
\onerealpoint=\dimen172
\emptytoks=\toks27
\nextbox=\box37
\nextdepth=\dimen173
\everyline=\toks28
\!!counta=\count133
\!!countb=\count134
\recursecounter=\count135
)
loading : Context Support Macros / PDF (2004.03.26)
\nofMPsegments=\count136
\nofMParguments=\count137
\MPscratchCnt=\count138
\MPscratchDim=\dimen174
\MPnumerator=\count139
\everyMPtoPDFconversion=\toks29
)
LaTeX Font Info:    Try loading font information for U+msa on input line 90.
 ("C:\Archivos de programa\MiKTeX 2.5\tex\latex\amsfonts\umsa.fd"
File: umsa.fd 2002/01/19 v2.2g AMS font definitions
)
LaTeX Font Info:    Try loading font information for U+msb on input line 90.

("C:\Archivos de programa\MiKTeX 2.5\tex\latex\amsfonts\umsb.fd"
File: umsb.fd 2002/01/19 v2.2g AMS font definitions
)
LaTeX Font Info:    Try loading font information for T1+aett on input line 90.

("C:\Archivos de programa\MiKTeX 2.5\tex\latex\ae\t1aett.fd"
File: t1aett.fd 1997/11/16 Font definitions for T1/aett.
) [1

{psfonts.map}]
[2] <c:/data/graphs/all+divVotsSemestre.pdf, id=44, 505.89pt x 289.08pt>
File: c:/data/graphs/all+divVotsSemestre.pdf Graphic file (type pdf)

<use c:/data/graphs/all+divVotsSemestre.pdf> [3 <c:/data/graphs/all+divVotsSeme
stre.pdf>] [4]
<c:/data/graphs/allWdynNoNames.pdf, id=71, 417.56pt x 416.55624pt>
File: c:/data/graphs/allWdynNoNames.pdf Graphic file (type pdf)

<use c:/data/graphs/allWdynNoNames.pdf>
<c:/data/graphs/allUdynNoNames.pdf, id=72, 417.56pt x 416.55624pt>
File: c:/data/graphs/allUdynNoNames.pdf Graphic file (type pdf)

<use c:/data/graphs/allUdynNoNames.pdf>
Overfull \hbox (6.65147pt too wide) in paragraph at lines 317--325
 [] 
 []

[5 <c:/data/graphs/allWdynNoNames.pdf> <c:/data/graphs/allUdynNoNames.pdf>]
<c:/data/graphs/driftW.pdf, id=88, 417.56pt x 416.55624pt>
File: c:/data/graphs/driftW.pdf Graphic file (type pdf)

<use c:/data/graphs/driftW.pdf>
<c:/data/graphs/driftU.pdf, id=89, 417.56pt x 416.55624pt>
File: c:/data/graphs/driftU.pdf Graphic file (type pdf)

<use c:/data/graphs/driftU.pdf>
Overfull \hbox (6.65147pt too wide) in paragraph at lines 364--370
 [] 
 []

[6 <c:/data/graphs/driftW.pdf> <c:/data/graphs/driftU.pdf>] [7] [8] [9]
[10] [11] [12] <c:/data/graphs/ptyComplaints.pdf, id=124, 505.89pt x 289.08pt>
File: c:/data/graphs/ptyComplaints.pdf Graphic file (type pdf)

<use c:/data/graphs/ptyComplaints.pdf> [13 <c:/data/graphs/ptyComplaints.pdf>]
[14] [15] [16]
<c:/data/graphs/1dimDynWold9703jmayorPrecision.pdf, id=143, 417.56pt x 416.5562
4pt>
File: c:/data/graphs/1dimDynWold9703jmayorPrecision.pdf Graphic file (type pdf)

 <use c:/data/graphs/1dimDynWold9703jmayorPrecision.pdf>
<c:/data/graphs/1dimDynUgalde0307jmayorPrecision.pdf, id=144, 417.56pt x 416.55
624pt>
File: c:/data/graphs/1dimDynUgalde0307jmayorPrecision.pdf Graphic file (type pd
f)
 <use c:/data/graphs/1dimDynUgalde0307jmayorPrecision.pdf>
Overfull \hbox (6.65147pt too wide) in paragraph at lines 1022--1031
 [] 
 []

[17] (ifedyn01.bbl [18 <c:/data/graphs/1dimDynWold9703jmayorPrecision.pdf> <c:/
data/graphs/1dimDynUgalde0307jmayorPrecision.pdf>]) [19] (ifedyn01.aux) ) 
Here is how much of TeX's memory you used:
 11030 strings out of 95403
 172296 string characters out of 1186846
 222317 words of memory out of 1219343
 13572 multiletter control sequences out of 60000
 59015 words of font info for 133 fonts, out of 1000000 for 2000
 14 hyphenation exceptions out of 8191
 45i,12n,41p,431b,650s stack positions out of 5000i,500n,10000p,200000b,32768s
PDF statistics:
 186 PDF objects out of 300000
 0 named destinations out of 300000
 41 words of extra memory for PDF output out of 10000
<C:/Ar
chivos de programa/MiKTeX 2.5/fonts/type1/bluesky/cm/cmitt10.pfb><C:/Archivos d
e programa/MiKTeX 2.5/fonts/type1/bluesky/cm/cmcsc10.pfb><C:/Archivos de progra
ma/MiKTeX 2.5/fonts/type1/bluesky/cm/cmti10.pfb><C:/Archivos de programa/MiKTeX
 2.5/fonts/type1/bluesky/cm/cmtt8.pfb><C:/Archivos de programa/MiKTeX 2.5/fonts
/type1/bluesky/cm/cmmi7.pfb><C:/Archivos de programa/MiKTeX 2.5/fonts/type1/blu
esky/cm/cmmi10.pfb><C:/Archivos de programa/MiKTeX 2.5/fonts/type1/bluesky/cm/c
mr7.pfb><C:/Archivos de programa/MiKTeX 2.5/fonts/type1/bluesky/cm/cmsy8.pfb><C
:/Archivos de programa/MiKTeX 2.5/fonts/type1/bluesky/cm/cmti12.pfb><C:/Archivo
s de programa/MiKTeX 2.5/fonts/type1/bluesky/ams/msbm10.pfb><C:/Archivos de pro
grama/MiKTeX 2.5/fonts/type1/bluesky/cm/cmr8.pfb><C:/Archivos de programa/MiKTe
X 2.5/fonts/type1/bluesky/cm/cmmi8.pfb><C:/Archivos de programa/MiKTeX 2.5/font
s/type1/bluesky/cm/cmmi12.pfb><C:/Archivos de programa/MiKTeX 2.5/fonts/type1/b
luesky/cm/cmbx12.pfb><C:/Archivos de programa/MiKTeX 2.5/fonts/type1/bluesky/cm
/cmsy7.pfb><C:/Archivos de programa/MiKTeX 2.5/fonts/type1/bluesky/cm/cmr10.pfb
><C:/Archivos de programa/MiKTeX 2.5/fonts/type1/bluesky/cm/cmbx10.pfb><C:/Arch
ivos de programa/MiKTeX 2.5/fonts/type1/bluesky/cm/cmtt10.pfb><C:/Archivos de p
rograma/MiKTeX 2.5/fonts/type1/bluesky/cm/cmr12.pfb><C:/Archivos de programa/Mi
KTeX 2.5/fonts/type1/bluesky/cm/cmsy10.pfb><C:/Archivos de programa/MiKTeX 2.5/
fonts/type1/bluesky/cm/cmr17.pfb>
Output written on ifedyn01.pdf (19 pages, 314843 bytes).
