This is pdfTeX, Version 3.1415926-1.40.10 (MiKTeX 2.8) (preloaded format=pdflatex 2010.7.27)  8 OCT 2010 12:53
entering extended mode
**D:/01/data/rollcall/ife_cg/escritos/ifedyn04.tex
(D:/01/data/rollcall/ife_cg/escritos/ifedyn04.tex
LaTeX2e <2009/09/24>
Babel <v3.8l> and hyphenation patterns for english, dumylang, nohyphenation, ge
rman, ngerman, german-x-2009-06-19, ngerman-x-2009-06-19, french, loaded.
("C:\Program Files (x86)\MiKTeX 2.8\tex\latex\base\article.cls"
Document Class: article 2007/10/19 v1.4h Standard LaTeX document class
("C:\Program Files (x86)\MiKTeX 2.8\tex\latex\base\size12.clo"
File: size12.clo 2007/10/19 v1.4h Standard LaTeX file (size option)
)
\c@part=\count79
\c@section=\count80
\c@subsection=\count81
\c@subsubsection=\count82
\c@paragraph=\count83
\c@subparagraph=\count84
\c@figure=\count85
\c@table=\count86
\abovecaptionskip=\skip41
\belowcaptionskip=\skip42
\bibindent=\dimen102
)
("C:\Program Files (x86)\MiKTeX 2.8\tex\latex\geometry\geometry.sty"
Package: geometry 2010/03/13 v5.3 Page Geometry

("C:\Program Files (x86)\MiKTeX 2.8\tex\latex\graphics\keyval.sty"
Package: keyval 1999/03/16 v1.13 key=value parser (DPC)
\KV@toks@=\toks14
)
("C:\Program Files (x86)\MiKTeX 2.8\tex\generic\oberdiek\ifpdf.sty"
Package: ifpdf 2010/01/28 v2.1 Provides the ifpdf switch (HO)
Package ifpdf Info: pdfTeX in pdf mode detected.
)
("C:\Program Files (x86)\MiKTeX 2.8\tex\generic\oberdiek\ifvtex.sty"
Package: ifvtex 2010/03/01 v1.5 Switches for detecting VTeX and its modes (HO)
Package ifvtex Info: VTeX not detected.
)
\Gm@cnth=\count87
\Gm@cntv=\count88
\c@Gm@tempcnt=\count89
\Gm@bindingoffset=\dimen103
\Gm@wd@mp=\dimen104
\Gm@odd@mp=\dimen105
\Gm@even@mp=\dimen106
\Gm@layoutwidth=\dimen107
\Gm@layoutheight=\dimen108
\Gm@layouthoffset=\dimen109
\Gm@layoutvoffset=\dimen110
\Gm@dimlist=\toks15

("C:\Program Files (x86)\MiKTeX 2.8\tex\latex\geometry\geometry.cfg"))
(C:\Users\Eric\AppData\Roaming\MiKTeX\2.8\tex\latex\natbib\natbib.sty
Package: natbib 2009/11/07 8.31a (PWD, AO)
\bibhang=\skip43
\bibsep=\skip44
LaTeX Info: Redefining \cite on input line 694.
\c@NAT@ctr=\count90
)
("C:\Program Files (x86)\MiKTeX 2.8\tex\latex\ae\ae.sty"
Package: ae 2001/02/12 1.3 Almost European Computer Modern

("C:\Program Files (x86)\MiKTeX 2.8\tex\latex\base\fontenc.sty"
Package: fontenc 2005/09/27 v1.99g Standard LaTeX package

("C:\Program Files (x86)\MiKTeX 2.8\tex\latex\base\t1enc.def"
File: t1enc.def 2005/09/27 v1.99g Standard LaTeX file
LaTeX Font Info:    Redeclaring font encoding T1 on input line 43.
)
LaTeX Font Info:    Try loading font information for T1+aer on input line 100.

("C:\Program Files (x86)\MiKTeX 2.8\tex\latex\ae\t1aer.fd"
File: t1aer.fd 1997/11/16 Font definitions for T1/aer.
)))
("C:\Program Files (x86)\MiKTeX 2.8\tex\latex\base\fontenc.sty"
Package: fontenc 2005/09/27 v1.99g Standard LaTeX package

("C:\Program Files (x86)\MiKTeX 2.8\tex\latex\base\t1enc.def"
File: t1enc.def 2005/09/27 v1.99g Standard LaTeX file
LaTeX Font Info:    Redeclaring font encoding T1 on input line 43.
))
("C:\Program Files (x86)\MiKTeX 2.8\tex\latex\base\inputenc.sty"
Package: inputenc 2008/03/30 v1.1d Input encoding file
\inpenc@prehook=\toks16
\inpenc@posthook=\toks17

("C:\Program Files (x86)\MiKTeX 2.8\tex\latex\base\ansinew.def"
File: ansinew.def 2008/03/30 v1.1d Input encoding file
))
("C:\Program Files (x86)\MiKTeX 2.8\tex\latex\ams\math\amsmath.sty"
Package: amsmath 2000/07/18 v2.13 AMS math features
\@mathmargin=\skip45

For additional information on amsmath, use the `?' option.
("C:\Program Files (x86)\MiKTeX 2.8\tex\latex\ams\math\amstext.sty"
Package: amstext 2000/06/29 v2.01

("C:\Program Files (x86)\MiKTeX 2.8\tex\latex\ams\math\amsgen.sty"
File: amsgen.sty 1999/11/30 v2.0
\@emptytoks=\toks18
\ex@=\dimen111
))
("C:\Program Files (x86)\MiKTeX 2.8\tex\latex\ams\math\amsbsy.sty"
Package: amsbsy 1999/11/29 v1.2d
\pmbraise@=\dimen112
)
("C:\Program Files (x86)\MiKTeX 2.8\tex\latex\ams\math\amsopn.sty"
Package: amsopn 1999/12/14 v2.01 operator names
)
\inf@bad=\count91
LaTeX Info: Redefining \frac on input line 211.
\uproot@=\count92
\leftroot@=\count93
LaTeX Info: Redefining \overline on input line 307.
\classnum@=\count94
\DOTSCASE@=\count95
LaTeX Info: Redefining \ldots on input line 379.
LaTeX Info: Redefining \dots on input line 382.
LaTeX Info: Redefining \cdots on input line 467.
\Mathstrutbox@=\box26
\strutbox@=\box27
\big@size=\dimen113
LaTeX Font Info:    Redeclaring font encoding OML on input line 567.
LaTeX Font Info:    Redeclaring font encoding OMS on input line 568.
\macc@depth=\count96
\c@MaxMatrixCols=\count97
\dotsspace@=\muskip10
\c@parentequation=\count98
\dspbrk@lvl=\count99
\tag@help=\toks19
\row@=\count100
\column@=\count101
\maxfields@=\count102
\andhelp@=\toks20
\eqnshift@=\dimen114
\alignsep@=\dimen115
\tagshift@=\dimen116
\tagwidth@=\dimen117
\totwidth@=\dimen118
\lineht@=\dimen119
\@envbody=\toks21
\multlinegap=\skip46
\multlinetaggap=\skip47
\mathdisplay@stack=\toks22
LaTeX Info: Redefining \[ on input line 2666.
LaTeX Info: Redefining \] on input line 2667.
)
("C:\Program Files (x86)\MiKTeX 2.8\tex\latex\amsfonts\amssymb.sty"
Package: amssymb 2009/06/22 v3.00

("C:\Program Files (x86)\MiKTeX 2.8\tex\latex\amsfonts\amsfonts.sty"
Package: amsfonts 2009/06/22 v3.00 Basic AMSFonts support
\symAMSa=\mathgroup4
\symAMSb=\mathgroup5
LaTeX Font Info:    Overwriting math alphabet `\mathfrak' in version `bold'
(Font)                  U/euf/m/n --> U/euf/b/n on input line 96.
))
("C:\Program Files (x86)\MiKTeX 2.8\tex\latex\ltxmisc\url.sty"
\Urlmuskip=\muskip11
Package: url 2006/04/12  ver 3.3  Verb mode for urls, etc.
)
("C:\Program Files (x86)\MiKTeX 2.8\tex\latex\graphics\lscape.sty"
Package: lscape 2000/10/22 v3.01 Landscape Pages (DPC)

("C:\Program Files (x86)\MiKTeX 2.8\tex\latex\graphics\graphics.sty"
Package: graphics 2009/02/05 v1.0o Standard LaTeX Graphics (DPC,SPQR)

("C:\Program Files (x86)\MiKTeX 2.8\tex\latex\graphics\trig.sty"
Package: trig 1999/03/16 v1.09 sin cos tan (DPC)
)
("C:\Program Files (x86)\MiKTeX 2.8\tex\latex\00miktex\graphics.cfg"
File: graphics.cfg 2007/01/18 v1.5 graphics configuration of teTeX/TeXLive
)
Package graphics Info: Driver file: pdftex.def on input line 91.

("C:\Program Files (x86)\MiKTeX 2.8\tex\latex\pdftex-def\pdftex.def"
File: pdftex.def 2010/02/14 v0.04n Graphics/color for pdfTeX
\Gread@gobject=\count103
)))
(C:\Users\Eric\AppData\Roaming\MiKTeX\2.8\tex\latex\setspace\setspace.sty
Package: setspace 2000/12/01 6.7 Contributed and Supported LaTeX2e package

Package: `setspace' 6.7 <2000/12/01>
) ("C:\Program Files (x86)\MiKTeX 2.8\tex\latex\graphics\graphicx.sty"
Package: graphicx 1999/02/16 v1.0f Enhanced LaTeX Graphics (DPC,SPQR)
\Gin@req@height=\dimen120
\Gin@req@width=\dimen121
)
("C:\Program Files (x86)\MiKTeX 2.8\tex\latex\graphics\color.sty"
Package: color 2005/11/14 v1.0j Standard LaTeX Color (DPC)

("C:\Program Files (x86)\MiKTeX 2.8\tex\latex\00miktex\color.cfg"
File: color.cfg 2007/01/18 v1.5 color configuration of teTeX/TeXLive
)
Package color Info: Driver file: pdftex.def on input line 130.
)
(C:\Users\Eric\AppData\Roaming\MiKTeX\2.8\tex\latex\pgf\frontendlayer\tikz.sty
(C:\Users\Eric\AppData\Roaming\MiKTeX\2.8\tex\latex\pgf\basiclayer\pgf.sty
(C:\Users\Eric\AppData\Roaming\MiKTeX\2.8\tex\latex\pgf\utilities\pgfrcs.sty
(C:\Users\Eric\AppData\Roaming\MiKTeX\2.8\tex\generic\pgf\utilities\pgfutil-com
mon.tex
\pgfutil@everybye=\toks23
)
(C:\Users\Eric\AppData\Roaming\MiKTeX\2.8\tex\generic\pgf\utilities\pgfutil-lat
ex.def)
(C:\Users\Eric\AppData\Roaming\MiKTeX\2.8\tex\generic\pgf\utilities\pgfrcs.code
.tex
Package: pgfrcs 2008/02/20 v2.00 (rcs-revision 1.21)
))
Package: pgf 2008/01/15 v2.00 (rcs-revision 1.12)

(C:\Users\Eric\AppData\Roaming\MiKTeX\2.8\tex\latex\pgf\basiclayer\pgfcore.sty
(C:\Users\Eric\AppData\Roaming\MiKTeX\2.8\tex\latex\pgf\systemlayer\pgfsys.sty
(C:\Users\Eric\AppData\Roaming\MiKTeX\2.8\tex\generic\pgf\systemlayer\pgfsys.co
de.tex
Package: pgfsys 2008/02/07 v2.00 (rcs-revision 1.31)

(C:\Users\Eric\AppData\Roaming\MiKTeX\2.8\tex\generic\pgf\utilities\pgfkeys.cod
e.tex
\pgfkeys@pathtoks=\toks24
\pgfkeys@temptoks=\toks25
)
\pgf@x=\dimen122
\pgf@y=\dimen123
\pgf@xa=\dimen124
\pgf@ya=\dimen125
\pgf@xb=\dimen126
\pgf@yb=\dimen127
\pgf@xc=\dimen128
\pgf@yc=\dimen129
\c@pgf@counta=\count104
\c@pgf@countb=\count105
\c@pgf@countc=\count106
\c@pgf@countd=\count107

(C:\Users\Eric\AppData\Roaming\MiKTeX\2.8\tex\generic\pgf\systemlayer\pgf.cfg
File: pgf.cfg 2008/01/13  (rcs-revision 1.6)
)
Package pgfsys Info: Driver file for pgf: pgfsys-pdftex.def on input line 885.

(C:\Users\Eric\AppData\Roaming\MiKTeX\2.8\tex\generic\pgf\systemlayer\pgfsys-pd
ftex.def
File: pgfsys-pdftex.def 2007/12/20  (rcs-revision 1.20)

(C:\Users\Eric\AppData\Roaming\MiKTeX\2.8\tex\generic\pgf\systemlayer\pgfsys-co
mmon-pdf.def
File: pgfsys-common-pdf.def 2007/12/17  (rcs-revision 1.8)
)))
(C:\Users\Eric\AppData\Roaming\MiKTeX\2.8\tex\generic\pgf\systemlayer\pgfsyssof
tpath.code.tex
File: pgfsyssoftpath.code.tex 2008/01/23  (rcs-revision 1.6)
\pgfsyssoftpath@smallbuffer@items=\count108
\pgfsyssoftpath@bigbuffer@items=\count109
)
(C:\Users\Eric\AppData\Roaming\MiKTeX\2.8\tex\generic\pgf\systemlayer\pgfsyspro
tocol.code.tex
File: pgfsysprotocol.code.tex 2006/10/16  (rcs-revision 1.4)
))
(C:\Users\Eric\AppData\Roaming\MiKTeX\2.8\tex\latex\xcolor\xcolor.sty
Package: xcolor 2007/01/21 v2.11 LaTeX color extensions (UK)

("C:\Program Files (x86)\MiKTeX 2.8\tex\latex\00miktex\color.cfg"
File: color.cfg 2007/01/18 v1.5 color configuration of teTeX/TeXLive
)
Package xcolor Info: Driver file: pdftex.def on input line 225.
LaTeX Info: Redefining \color on input line 702.
Package xcolor Info: Model `cmy' substituted by `cmy0' on input line 1337.
Package xcolor Info: Model `hsb' substituted by `rgb' on input line 1341.
Package xcolor Info: Model `RGB' extended on input line 1353.
Package xcolor Info: Model `HTML' substituted by `rgb' on input line 1355.
Package xcolor Info: Model `Hsb' substituted by `hsb' on input line 1356.
Package xcolor Info: Model `tHsb' substituted by `hsb' on input line 1357.
Package xcolor Info: Model `HSB' substituted by `hsb' on input line 1358.
Package xcolor Info: Model `Gray' substituted by `gray' on input line 1359.
Package xcolor Info: Model `wave' substituted by `hsb' on input line 1360.
)
(C:\Users\Eric\AppData\Roaming\MiKTeX\2.8\tex\generic\pgf\basiclayer\pgfcore.co
de.tex
Package: pgfcore 2008/01/15 v2.00 (rcs-revision 1.6)

(C:\Users\Eric\AppData\Roaming\MiKTeX\2.8\tex\generic\pgf\math\pgfmath.code.tex

(C:\Users\Eric\AppData\Roaming\MiKTeX\2.8\tex\generic\pgf\math\pgfmathcalc.code
.tex
(C:\Users\Eric\AppData\Roaming\MiKTeX\2.8\tex\generic\pgf\math\pgfmathutil.code
.tex
\pgfmath@box=\box28
)
(C:\Users\Eric\AppData\Roaming\MiKTeX\2.8\tex\generic\pgf\math\pgfmathparser.co
de.tex
\pgfmath@stack=\toks26
\c@pgfmath@parsecounta=\count110
\c@pgfmath@parsecountb=\count111
\c@pgfmath@parsecountc=\count112
\pgfmath@parsex=\dimen130
)
(C:\Users\Eric\AppData\Roaming\MiKTeX\2.8\tex\generic\pgf\math\pgfmathoperation
s.code.tex
(C:\Users\Eric\AppData\Roaming\MiKTeX\2.8\tex\generic\pgf\math\pgfmathtrig.code
.tex)
(C:\Users\Eric\AppData\Roaming\MiKTeX\2.8\tex\generic\pgf\math\pgfmathrnd.code.
tex))
(C:\Users\Eric\AppData\Roaming\MiKTeX\2.8\tex\generic\pgf\math\pgfmathbase.code
.tex)))
(C:\Users\Eric\AppData\Roaming\MiKTeX\2.8\tex\generic\pgf\basiclayer\pgfcorepoi
nts.code.tex
File: pgfcorepoints.code.tex 2008/02/03  (rcs-revision 1.13)
\pgf@picminx=\dimen131
\pgf@picmaxx=\dimen132
\pgf@picminy=\dimen133
\pgf@picmaxy=\dimen134
\pgf@pathminx=\dimen135
\pgf@pathmaxx=\dimen136
\pgf@pathminy=\dimen137
\pgf@pathmaxy=\dimen138
\pgf@xx=\dimen139
\pgf@xy=\dimen140
\pgf@yx=\dimen141
\pgf@yy=\dimen142
\pgf@zx=\dimen143
\pgf@zy=\dimen144
)
(C:\Users\Eric\AppData\Roaming\MiKTeX\2.8\tex\generic\pgf\basiclayer\pgfcorepat
hconstruct.code.tex
File: pgfcorepathconstruct.code.tex 2008/02/13  (rcs-revision 1.14)
\pgf@path@lastx=\dimen145
\pgf@path@lasty=\dimen146
)
(C:\Users\Eric\AppData\Roaming\MiKTeX\2.8\tex\generic\pgf\basiclayer\pgfcorepat
husage.code.tex
File: pgfcorepathusage.code.tex 2008/01/23  (rcs-revision 1.11)
\pgf@shorten@end@additional=\dimen147
\pgf@shorten@start@additional=\dimen148
)
(C:\Users\Eric\AppData\Roaming\MiKTeX\2.8\tex\generic\pgf\basiclayer\pgfcoresco
pes.code.tex
File: pgfcorescopes.code.tex 2008/01/15  (rcs-revision 1.26)
\pgfpic=\box29
\pgf@hbox=\box30
\pgf@layerbox@main=\box31
\pgf@picture@serial@count=\count113
)
(C:\Users\Eric\AppData\Roaming\MiKTeX\2.8\tex\generic\pgf\basiclayer\pgfcoregra
phicstate.code.tex
File: pgfcoregraphicstate.code.tex 2007/12/12  (rcs-revision 1.8)
\pgflinewidth=\dimen149
)
(C:\Users\Eric\AppData\Roaming\MiKTeX\2.8\tex\generic\pgf\basiclayer\pgfcoretra
nsformations.code.tex
File: pgfcoretransformations.code.tex 2008/02/04  (rcs-revision 1.10)
\pgf@pt@x=\dimen150
\pgf@pt@y=\dimen151
\pgf@pt@temp=\dimen152
)
(C:\Users\Eric\AppData\Roaming\MiKTeX\2.8\tex\generic\pgf\basiclayer\pgfcorequi
ck.code.tex
File: pgfcorequick.code.tex 2006/10/11  (rcs-revision 1.2)
)
(C:\Users\Eric\AppData\Roaming\MiKTeX\2.8\tex\generic\pgf\basiclayer\pgfcoreobj
ects.code.tex
File: pgfcoreobjects.code.tex 2006/10/11  (rcs-revision 1.2)
)
(C:\Users\Eric\AppData\Roaming\MiKTeX\2.8\tex\generic\pgf\basiclayer\pgfcorepat
hprocessing.code.tex
File: pgfcorepathprocessing.code.tex 2008/01/23  (rcs-revision 1.7)
)
(C:\Users\Eric\AppData\Roaming\MiKTeX\2.8\tex\generic\pgf\basiclayer\pgfcorearr
ows.code.tex
File: pgfcorearrows.code.tex 2007/06/07  (rcs-revision 1.8)
)
(C:\Users\Eric\AppData\Roaming\MiKTeX\2.8\tex\generic\pgf\basiclayer\pgfcoresha
de.code.tex
File: pgfcoreshade.code.tex 2007/12/10  (rcs-revision 1.9)
\pgf@max=\dimen153
\pgf@sys@shading@range@num=\count114
)
(C:\Users\Eric\AppData\Roaming\MiKTeX\2.8\tex\generic\pgf\basiclayer\pgfcoreima
ge.code.tex
File: pgfcoreimage.code.tex 2008/01/15  (rcs-revision 1.1)
\pgfexternal@startupbox=\box32
)
(C:\Users\Eric\AppData\Roaming\MiKTeX\2.8\tex\generic\pgf\basiclayer\pgfcorelay
ers.code.tex
File: pgfcorelayers.code.tex 2008/01/15  (rcs-revision 1.1)
)
(C:\Users\Eric\AppData\Roaming\MiKTeX\2.8\tex\generic\pgf\basiclayer\pgfcoretra
nsparency.code.tex
File: pgfcoretransparency.code.tex 2008/01/17  (rcs-revision 1.2)
)
(C:\Users\Eric\AppData\Roaming\MiKTeX\2.8\tex\generic\pgf\basiclayer\pgfcorepat
terns.code.tex
File: pgfcorepatterns.code.tex 2008/01/15  (rcs-revision 1.1)
)))
(C:\Users\Eric\AppData\Roaming\MiKTeX\2.8\tex\generic\pgf\modules\pgfmoduleshap
es.code.tex
File: pgfmoduleshapes.code.tex 2008/02/13  (rcs-revision 1.4)
\pgfnodeparttextbox=\box33
\toks@savedmacro=\toks27
)
(C:\Users\Eric\AppData\Roaming\MiKTeX\2.8\tex\generic\pgf\modules\pgfmoduleplot
.code.tex
File: pgfmoduleplot.code.tex 2008/01/15  (rcs-revision 1.1)
\pgf@plotwrite=\write3
)
(C:\Users\Eric\AppData\Roaming\MiKTeX\2.8\tex\latex\pgf\compatibility\pgfcomp-v
ersion-0-65.sty
Package: pgfcomp-version-0-65 2007/07/03 v2.00 (rcs-revision 1.7)
\pgf@nodesepstart=\dimen154
\pgf@nodesepend=\dimen155
)
(C:\Users\Eric\AppData\Roaming\MiKTeX\2.8\tex\latex\pgf\compatibility\pgfcomp-v
ersion-1-18.sty
Package: pgfcomp-version-1-18 2007/07/23 v2.00 (rcs-revision 1.1)
))
(C:\Users\Eric\AppData\Roaming\MiKTeX\2.8\tex\latex\pgf\utilities\pgffor.sty
(C:\Users\Eric\AppData\Roaming\MiKTeX\2.8\tex\generic\pgf\utilities\pgffor.code
.tex
Package: pgffor 2007/11/07 v2.00 (rcs-revision 1.8)
\pgffor@iter=\dimen156
\pgffor@skip=\dimen157
))
(C:\Users\Eric\AppData\Roaming\MiKTeX\2.8\tex\generic\pgf\frontendlayer\tikz\ti
kz.code.tex
Package: tikz 2008/02/13 v2.00 (rcs-revision 1.27)

(C:\Users\Eric\AppData\Roaming\MiKTeX\2.8\tex\generic\pgf\libraries\pgflibraryp
lothandlers.code.tex
File: pgflibraryplothandlers.code.tex 2007/03/09 v2.00 (rcs-revision 1.9)
\pgf@plot@mark@count=\count115
\pgfplotmarksize=\dimen158
)
\tikz@lastx=\dimen159
\tikz@lasty=\dimen160
\tikz@lastxsaved=\dimen161
\tikz@lastysaved=\dimen162
\tikzleveldistance=\dimen163
\tikzsiblingdistance=\dimen164
\tikz@figbox=\box34
\tikz@tempbox=\box35
\tikztreelevel=\count116
\tikznumberofchildren=\count117
\tikznumberofcurrentchild=\count118
\tikz@fig@count=\count119

(C:\Users\Eric\AppData\Roaming\MiKTeX\2.8\tex\generic\pgf\modules\pgfmodulematr
ix.code.tex
File: pgfmodulematrix.code.tex 2008/01/15  (rcs-revision 1.1)
\pgfmatrixcurrentrow=\count120
\pgfmatrixcurrentcolumn=\count121
\pgf@matrix@numberofcolumns=\count122
)
\tikz@expandcount=\count123

(C:\Users\Eric\AppData\Roaming\MiKTeX\2.8\tex\generic\pgf\frontendlayer\tikz\li
braries\tikzlibrarytopaths.code.tex
File: tikzlibrarytopaths.code.tex 2008/01/09 v2.00 (rcs-revision 1.1)
)))
(C:\Users\Eric\AppData\Roaming\MiKTeX\2.8\tex\generic\pgf\frontendlayer\tikz\li
braries\tikzlibraryarrows.code.tex
File: tikzlibraryarrows.code.tex 2008/01/09 v2.00 (rcs-revision 1.1)

(C:\Users\Eric\AppData\Roaming\MiKTeX\2.8\tex\generic\pgf\libraries\pgflibrarya
rrows.code.tex
File: pgflibraryarrows.code.tex 2007/06/07 v2.00 (rcs-revision 1.7)
))
(C:\Users\Eric\AppData\Roaming\MiKTeX\2.8\tex\generic\pgf\frontendlayer\tikz\li
braries\tikzlibraryshapes.geometric.code.tex
File: tikzlibraryshapes.geometric.code.tex 2008/01/09 v2.00 (rcs-revision 1.1)

(C:\Users\Eric\AppData\Roaming\MiKTeX\2.8\tex\generic\pgf\libraries\pgflibrarys
hapes.geometric.code.tex
File: pgflibraryshapes.geometric.code.tex 2008/02/01 v2.00 (rcs-revision 1.22)
))
(C:\Users\Eric\AppData\Roaming\MiKTeX\2.8\tex\latex\pgf\math\pgfmath.sty
(C:\Users\Eric\AppData\Roaming\MiKTeX\2.8\tex\generic\pgf\math\pgfmath.code.tex

(C:\Users\Eric\AppData\Roaming\MiKTeX\2.8\tex\generic\pgf\math\pgfmathcalc.code
.tex
(C:\Users\Eric\AppData\Roaming\MiKTeX\2.8\tex\generic\pgf\math\pgfmathutil.code
.tex
\pgfmath@box=\box36
)
(C:\Users\Eric\AppData\Roaming\MiKTeX\2.8\tex\generic\pgf\math\pgfmathparser.co
de.tex
\pgfmath@stack=\toks28
\c@pgfmath@parsecounta=\count124
\c@pgfmath@parsecountb=\count125
\c@pgfmath@parsecountc=\count126
\pgfmath@parsex=\dimen165
)
(C:\Users\Eric\AppData\Roaming\MiKTeX\2.8\tex\generic\pgf\math\pgfmathoperation
s.code.tex
(C:\Users\Eric\AppData\Roaming\MiKTeX\2.8\tex\generic\pgf\math\pgfmathtrig.code
.tex)
(C:\Users\Eric\AppData\Roaming\MiKTeX\2.8\tex\generic\pgf\math\pgfmathrnd.code.
tex))
(C:\Users\Eric\AppData\Roaming\MiKTeX\2.8\tex\generic\pgf\math\pgfmathbase.code
.tex)))) ("C:\Program Files (x86)\MiKTeX 2.8\tex\latex\multirow\multirow.sty"
\bigstrutjot=\dimen166
)
("C:\Program Files (x86)\MiKTeX 2.8\tex\latex\rotating\rotating.sty"
Package: rotating 1995/08/22 2.10 Rotation package

("C:\Program Files (x86)\MiKTeX 2.8\tex\latex\base\ifthen.sty"
Package: ifthen 2001/05/26 v1.1c Standard LaTeX ifthen package (DPC)
)
\r@tfl@t=\count127
\rot@float@box=\box37
)

LaTeX Warning: Unused global option(s):
    [letter].

(D:\01\data\rollcall\ife_cg\escritos\ifedyn04.aux)
LaTeX Font Info:    Checking defaults for OML/cmm/m/it on input line 80.
LaTeX Font Info:    ... okay on input line 80.
LaTeX Font Info:    Checking defaults for T1/cmr/m/n on input line 80.
LaTeX Font Info:    ... okay on input line 80.
LaTeX Font Info:    Checking defaults for OT1/cmr/m/n on input line 80.
LaTeX Font Info:    ... okay on input line 80.
LaTeX Font Info:    Checking defaults for OMS/cmsy/m/n on input line 80.
LaTeX Font Info:    ... okay on input line 80.
LaTeX Font Info:    Checking defaults for OMX/cmex/m/n on input line 80.
LaTeX Font Info:    ... okay on input line 80.
LaTeX Font Info:    Checking defaults for U/cmr/m/n on input line 80.
LaTeX Font Info:    ... okay on input line 80.

*geometry* driver: auto-detecting
*geometry* detected driver: pdftex
*geometry* verbose mode - [ preamble ] result:
* driver: pdftex
* paper: letterpaper
* layout: letterpaper
* switch(es): 
* h-part:(L,W,R)=(90.3375pt, 433.62001pt, 90.3375pt)
* v-part:(T,H,B)=(90.3375pt, 614.295pt, 90.3375pt)
* \paperwidth=614.295pt
* \paperheight=794.96999pt
* \textwidth=433.62001pt
* \textheight=614.295pt
* \oddsidemargin=18.0675pt
* \evensidemargin=18.0675pt
* \topmargin=-18.9325pt
* \headheight=12.0pt
* \headsep=25.0pt
* \footskip=30.0pt
* \marginparwidth=44.0pt
* \marginparsep=10.0pt
* \columnsep=10.0pt
* \skip\footins=10.8pt plus 4.0pt minus 2.0pt
* \hoffset=0.0pt
* \voffset=0.0pt
* \mag=1000
* \@twocolumnfalse
* \@twosidefalse
* \@mparswitchfalse
* \@reversemarginfalse
* (1in=72.27pt, 1cm=28.453pt)

("C:\Program Files (x86)\MiKTeX 2.8\tex\context\base\supp-pdf.tex"
[Loading MPS to PDF converter (version 2006.09.02).]
\scratchcounter=\count128
\scratchdimen=\dimen167
\scratchbox=\box38
\nofMPsegments=\count129
\nofMParguments=\count130
\everyMPshowfont=\toks29
\MPscratchCnt=\count131
\MPscratchDim=\dimen168
\MPnumerator=\count132
\everyMPtoPDFconversion=\toks30
)
LaTeX Font Info:    Try loading font information for U+msa on input line 88.
 ("C:\Program Files (x86)\MiKTeX 2.8\tex\latex\amsfonts\umsa.fd"
File: umsa.fd 2009/06/22 v3.00 AMS symbols A
)
LaTeX Font Info:    Try loading font information for U+msb on input line 88.

("C:\Program Files (x86)\MiKTeX 2.8\tex\latex\amsfonts\umsb.fd"
File: umsb.fd 2009/06/22 v3.00 AMS symbols B
)
LaTeX Font Info:    Try loading font information for T1+aett on input line 88.

("C:\Program Files (x86)\MiKTeX 2.8\tex\latex\ae\t1aett.fd"
File: t1aett.fd 1997/11/16 Font definitions for T1/aett.
) [1

{C:/Users/Eric/AppData/Local/MiKTeX/2.8/pdftex/config/pdftex.map}] [2]
<d:/01/data/rollcall/ife_cg/graphs/all+divVotsSemestre.pdf, id=27, 505.89pt x 2
89.08pt>
File: d:/01/data/rollcall/ife_cg/graphs/all+divVotsSemestre.pdf Graphic file (t
ype pdf)
 <use d:/01/data/rollcall/ife_cg/graphs/all+divVotsSemestre.pdf>
[3 <d:/01/data/rollcall/ife_cg/graphs/all+divVotsSemestre.pdf>] [4] [5]
<d:/01/data/rollcall/ife_cg/graphs/1dimDynWold9703jmayorPrecision.pdf, id=41, 4
17.56pt x 416.55624pt>
File: d:/01/data/rollcall/ife_cg/graphs/1dimDynWold9703jmayorPrecision.pdf Grap
hic file (type pdf)

<use d:/01/data/rollcall/ife_cg/graphs/1dimDynWold9703jmayorPrecision.pdf>
<d:/01/data/rollcall/ife_cg/graphs/1dimDynUgaVal0410j.pdf, id=42, 415.5525pt x 
415.5525pt>
File: d:/01/data/rollcall/ife_cg/graphs/1dimDynUgaVal0410j.pdf Graphic file (ty
pe pdf)
 <use d:/01/data/rollcall/ife_cg/graphs/1dimDynUgaVal0410j.pdf>
Overfull \hbox (6.65147pt too wide) in paragraph at lines 311--319
 [] 
 []

[6 <d:/01/data/rollcall/ife_cg/graphs/1dimDynWold9703jmayorPrecision.pdf> <d:/0
1/data/rollcall/ife_cg/graphs/1dimDynUgaVal0410j.pdf>] [7]
<d:/01/data/rollcall/ife_cg/graphs/driftWlines.pdf, id=67, 415.5525pt x 415.552
5pt>
File: d:/01/data/rollcall/ife_cg/graphs/driftWlines.pdf Graphic file (type pdf)

 <use d:/01/data/rollcall/ife_cg/graphs/driftWlines.pdf>
<d:/01/data/rollcall/ife_cg/graphs/driftUVlines.pdf, id=68, 415.5525pt x 415.55
25pt>
File: d:/01/data/rollcall/ife_cg/graphs/driftUVlines.pdf Graphic file (type pdf
)
 <use d:/01/data/rollcall/ife_cg/graphs/driftUVlines.pdf>
Overfull \hbox (6.65147pt too wide) in paragraph at lines 388--395
 [] 
 []

[8 <d:/01/data/rollcall/ife_cg/graphs/driftWlines.pdf> <d:/01/data/rollcall/ife
_cg/graphs/driftUVlines.pdf>]
<d:/01/data/rollcall/ife_cg/graphs/minmaxmedWol.pdf, id=82, 415.5525pt x 415.55
25pt>
File: d:/01/data/rollcall/ife_cg/graphs/minmaxmedWol.pdf Graphic file (type pdf
)
 <use d:/01/data/rollcall/ife_cg/graphs/minmaxmedWol.pdf>
<d:/01/data/rollcall/ife_cg/graphs/minmaxmedUgVal.pdf, id=83, 415.5525pt x 415.
5525pt>
File: d:/01/data/rollcall/ife_cg/graphs/minmaxmedUgVal.pdf Graphic file (type p
df)
 <use d:/01/data/rollcall/ife_cg/graphs/minmaxmedUgVal.pdf>
Overfull \hbox (6.65147pt too wide) in paragraph at lines 456--461
 [] 
 []

[9] [10 <d:/01/data/rollcall/ife_cg/graphs/minmaxmedWol.pdf> <d:/01/data/rollca
ll/ife_cg/graphs/minmaxmedUgVal.pdf>]
<d:/01/data/rollcall/ife_cg/graphs/allWdyn.pdf, id=100, 415.5525pt x 415.5525pt
>
File: d:/01/data/rollcall/ife_cg/graphs/allWdyn.pdf Graphic file (type pdf)
 <use d:/01/data/rollcall/ife_cg/graphs/allWdyn.pdf>
<d:/01/data/rollcall/ife_cg/graphs/allUVdyn.pdf, id=101, 415.5525pt x 415.5525p
t>
File: d:/01/data/rollcall/ife_cg/graphs/allUVdyn.pdf Graphic file (type pdf)
 <use d:/01/data/rollcall/ife_cg/graphs/allUVdyn.pdf>
Overfull \hbox (6.65147pt too wide) in paragraph at lines 515--525
 [] 
 []

[11 <d:/01/data/rollcall/ife_cg/graphs/allWdyn.pdf> <d:/01/data/rollcall/ife_cg
/graphs/allUVdyn.pdf>]
<d:/01/data/rollcall/ife_cg/graphs/woStackPRI.pdf, id=114, 415.5525pt x 415.552
5pt>
File: d:/01/data/rollcall/ife_cg/graphs/woStackPRI.pdf Graphic file (type pdf)
 <use d:/01/data/rollcall/ife_cg/graphs/woStackPRI.pdf>
<d:/01/data/rollcall/ife_cg/graphs/woStackPAN.pdf, id=115, 415.5525pt x 415.552
5pt>
File: d:/01/data/rollcall/ife_cg/graphs/woStackPAN.pdf Graphic file (type pdf)
 <use d:/01/data/rollcall/ife_cg/graphs/woStackPAN.pdf>
<d:/01/data/rollcall/ife_cg/graphs/woStackPRD.pdf, id=116, 415.5525pt x 415.552
5pt>
File: d:/01/data/rollcall/ife_cg/graphs/woStackPRD.pdf Graphic file (type pdf)
 <use d:/01/data/rollcall/ife_cg/graphs/woStackPRD.pdf>
<d:/01/data/rollcall/ife_cg/graphs/ugvalStackPRImadPVEM.pdf, id=117, 415.5525pt
 x 415.5525pt>
File: d:/01/data/rollcall/ife_cg/graphs/ugvalStackPRImadPVEM.pdf Graphic file (
type pdf)

<use d:/01/data/rollcall/ife_cg/graphs/ugvalStackPRImadPVEM.pdf>
<d:/01/data/rollcall/ife_cg/graphs/ugvalStackPRIelba.pdf, id=118, 415.5525pt x 
415.5525pt>
File: d:/01/data/rollcall/ife_cg/graphs/ugvalStackPRIelba.pdf Graphic file (typ
e pdf)
 <use d:/01/data/rollcall/ife_cg/graphs/ugvalStackPRIelba.pdf>
<d:/01/data/rollcall/ife_cg/graphs/ugvalStackPAN.pdf, id=119, 415.5525pt x 415.
5525pt>
File: d:/01/data/rollcall/ife_cg/graphs/ugvalStackPAN.pdf Graphic file (type pd
f)
 <use d:/01/data/rollcall/ife_cg/graphs/ugvalStackPAN.pdf>
<d:/01/data/rollcall/ife_cg/graphs/ugvalStackPRD.pdf, id=120, 415.5525pt x 415.
5525pt>
File: d:/01/data/rollcall/ife_cg/graphs/ugvalStackPRD.pdf Graphic file (type pd
f)
 <use d:/01/data/rollcall/ife_cg/graphs/ugvalStackPRD.pdf> [12] [13 <d:/01/data
/rollcall/ife_cg/graphs/woStackPRI.pdf> <d:/01/data/rollcall/ife_cg/graphs/woSt
ackPAN.pdf> <d:/01/data/rollcall/ife_cg/graphs/woStackPRD.pdf> <d:/01/data/roll
call/ife_cg/graphs/ugvalStackPRImadPVEM.pdf> <d:/01/data/rollcall/ife_cg/graphs
/ugvalStackPRIelba.pdf> <d:/01/data/rollcall/ife_cg/graphs/ugvalStackPAN.pdf> <
d:/01/data/rollcall/ife_cg/graphs/ugvalStackPRD.pdf>] [14]
<d:/01/data/rollcall/ife_cg/graphs/ptyComplaints.pdf, id=180, 505.89pt x 289.08
pt>
File: d:/01/data/rollcall/ife_cg/graphs/ptyComplaints.pdf Graphic file (type pd
f)
 <use d:/01/data/rollcall/ife_cg/graphs/ptyComplaints.pdf> [15 <d:/01/data/roll
call/ife_cg/graphs/ptyComplaints.pdf>] [16] [17] [18] [19]
<d:/01/data/rollcall/ife_cg/graphs/winsizeStackUnan.pdf, id=201, 722.7pt x 505.
89pt>
File: d:/01/data/rollcall/ife_cg/graphs/winsizeStackUnan.pdf Graphic file (type
 pdf)
 <use d:/01/data/rollcall/ife_cg/graphs/winsizeStackUnan.pdf>
<d:/01/data/rollcall/ife_cg/graphs/winsizeStackCont.pdf, id=202, 722.7pt x 505.
89pt>
File: d:/01/data/rollcall/ife_cg/graphs/winsizeStackCont.pdf Graphic file (type
 pdf)
 <use d:/01/data/rollcall/ife_cg/graphs/winsizeStackCont.pdf>

LaTeX Warning: Float too large for page by 32.27187pt on input line 840.

[20] [21 <d:/01/data/rollcall/ife_cg/graphs/winsizeStackUnan.pdf> <d:/01/data/r
ollcall/ife_cg/graphs/winsizeStackCont.pdf>] [22]
(D:\01\data\rollcall\ife_cg\escritos\ifedyn04.bbl [23] [24]) [25]
(D:\01\data\rollcall\ife_cg\escritos\ifedyn04.aux) ) 
Here is how much of TeX's memory you used:
 10464 strings out of 495285
 186317 string characters out of 3179881
 243783 words of memory out of 3000000
 13340 multiletter control sequences out of 15000+200000
 47083 words of font info for 111 fonts, out of 3000000 for 9000
 14 hyphenation exceptions out of 8191
 47i,12n,49p,1971b,442s stack positions out of 5000i,500n,10000p,200000b,50000s
<C:/Program Files (x86)/MiK
TeX 2.8/fonts/type1/public/amsfonts/cm/cmbx10.pfb><C:/Program Files (x86)/MiKTe
X 2.8/fonts/type1/public/amsfonts/cm/cmbx12.pfb><C:/Program Files (x86)/MiKTeX 
2.8/fonts/type1/public/amsfonts/cm/cmitt10.pfb><C:/Program Files (x86)/MiKTeX 2
.8/fonts/type1/public/amsfonts/cm/cmmi10.pfb><C:/Program Files (x86)/MiKTeX 2.8
/fonts/type1/public/amsfonts/cm/cmmi12.pfb><C:/Program Files (x86)/MiKTeX 2.8/f
onts/type1/public/amsfonts/cm/cmmi7.pfb><C:/Program Files (x86)/MiKTeX 2.8/font
s/type1/public/amsfonts/cm/cmmi8.pfb><C:/Program Files (x86)/MiKTeX 2.8/fonts/t
ype1/public/amsfonts/cm/cmr10.pfb><C:/Program Files (x86)/MiKTeX 2.8/fonts/type
1/public/amsfonts/cm/cmr12.pfb><C:/Program Files (x86)/MiKTeX 2.8/fonts/type1/p
ublic/amsfonts/cm/cmr17.pfb><C:/Program Files (x86)/MiKTeX 2.8/fonts/type1/publ
ic/amsfonts/cm/cmr7.pfb><C:/Program Files (x86)/MiKTeX 2.8/fonts/type1/public/a
msfonts/cm/cmr8.pfb><C:/Program Files (x86)/MiKTeX 2.8/fonts/type1/public/amsfo
nts/cm/cmsy10.pfb><C:/Program Files (x86)/MiKTeX 2.8/fonts/type1/public/amsfont
s/cm/cmsy7.pfb><C:/Program Files (x86)/MiKTeX 2.8/fonts/type1/public/amsfonts/c
m/cmsy8.pfb><C:/Program Files (x86)/MiKTeX 2.8/fonts/type1/public/amsfonts/cm/c
mti12.pfb><C:/Program Files (x86)/MiKTeX 2.8/fonts/type1/public/amsfonts/cm/cmt
t10.pfb><C:/Program Files (x86)/MiKTeX 2.8/fonts/type1/public/amsfonts/cm/cmtt8
.pfb><C:/Program Files (x86)/MiKTeX 2.8/fonts/type1/public/amsfonts/symbols/msb
m10.pfb>
Output written on ifedyn04.pdf (25 pages, 563693 bytes).
PDF statistics:
 289 PDF objects out of 1000 (max. 8388607)
 0 named destinations out of 1000 (max. 500000)
 108 words of extra memory for PDF output out of 10000 (max. 10000000)

